COMMAND: D:\ryb\python.exe experiments/run_atom_decomposition_result_experiment.py --dry-run --output-root outputs/experiment_suite/atom

STDOUT:

================================================================================
Strategy: no_atom
Command: D:\ryb\python.exe experiments/prompt_engineering_ablation.py --mode re_pipeline --domain steel_casting --prompt_language auto --samples 30 --valset_size 20 --iterations 5 --runs 1 --output_dir outputs/experiment_suite/atom/no_atom/prompt_training --output outputs/experiment_suite/atom/no_atom/post_eval --atom_decomposition_strategy no_atom --num_candidates 6 --collect_n 8 --max_eval_candidates 4

================================================================================
Strategy: fsdv_block
Command: D:\ryb\python.exe experiments/prompt_engineering_ablation.py --mode re_pipeline --domain steel_casting --prompt_language auto --samples 30 --valset_size 20 --iterations 5 --runs 1 --output_dir outputs/experiment_suite/atom/fsdv_block/prompt_training --output outputs/experiment_suite/atom/fsdv_block/post_eval --atom_decomposition_strategy fsdv_block --num_candidates 6 --collect_n 8 --max_eval_candidates 4

================================================================================
Strategy: sentence_level
Command: D:\ryb\python.exe experiments/prompt_engineering_ablation.py --mode re_pipeline --domain steel_casting --prompt_language auto --samples 30 --valset_size 20 --iterations 5 --runs 1 --output_dir outputs/experiment_suite/atom/sentence_level/prompt_training --output outputs/experiment_suite/atom/sentence_level/post_eval --atom_decomposition_strategy sentence_level --num_candidates 6 --collect_n 8 --max_eval_candidates 4

================================================================================
Strategy: random_atom
Command: D:\ryb\python.exe experiments/prompt_engineering_ablation.py --mode re_pipeline --domain steel_casting --prompt_language auto --samples 30 --valset_size 20 --iterations 5 --runs 1 --output_dir outputs/experiment_suite/atom/random_atom/prompt_training --output outputs/experiment_suite/atom/random_atom/post_eval --atom_decomposition_strategy random_atom --num_candidates 6 --collect_n 8 --max_eval_candidates 4

================================================================================
Strategy: over_fine
Command: D:\ryb\python.exe experiments/prompt_engineering_ablation.py --mode re_pipeline --domain steel_casting --prompt_language auto --samples 30 --valset_size 20 --iterations 5 --runs 1 --output_dir outputs/experiment_suite/atom/over_fine/prompt_training --output outputs/experiment_suite/atom/over_fine/post_eval --atom_decomposition_strategy over_fine --num_candidates 6 --collect_n 8 --max_eval_candidates 4

================================================================================
Strategy: functional_atom
Command: D:\ryb\python.exe experiments/prompt_engineering_ablation.py --mode re_pipeline --domain steel_casting --prompt_language auto --samples 30 --valset_size 20 --iterations 5 --runs 1 --output_dir outputs/experiment_suite/atom/functional_atom/prompt_training --output outputs/experiment_suite/atom/functional_atom/post_eval --atom_decomposition_strategy functional_atom --num_candidates 6 --collect_n 8 --max_eval_candidates 4


STDERR:
