COMMAND: D:\ryb\python.exe experiments/run_atom_decomposition_result_experiment.py --output-root atom_scaffold

STDOUT:
{"status": "not_executed", "strategy": "no_atom", "output_dir": "atom_scaffold/no_atom/prompt_training", "output": "atom_scaffold/no_atom/post_eval"}
{"status": "not_executed", "strategy": "fsdv_block", "output_dir": "atom_scaffold/fsdv_block/prompt_training", "output": "atom_scaffold/fsdv_block/post_eval"}
{"status": "not_executed", "strategy": "sentence_level", "output_dir": "atom_scaffold/sentence_level/prompt_training", "output": "atom_scaffold/sentence_level/post_eval"}
{"status": "not_executed", "strategy": "random_atom", "output_dir": "atom_scaffold/random_atom/prompt_training", "output": "atom_scaffold/random_atom/post_eval"}
{"status": "not_executed", "strategy": "over_fine", "output_dir": "atom_scaffold/over_fine/prompt_training", "output": "atom_scaffold/over_fine/post_eval"}
{"status": "not_executed", "strategy": "functional_atom", "output_dir": "atom_scaffold/functional_atom/prompt_training", "output": "atom_scaffold/functional_atom/post_eval"}

================================================================================
Strategy: no_atom
Command: D:\ryb\python.exe experiments/prompt_engineering_ablation.py --mode re_pipeline --domain steel_casting --prompt_language auto --samples 30 --valset_size 20 --iterations 5 --runs 1 --output_dir atom_scaffold/no_atom/prompt_training --output atom_scaffold/no_atom/post_eval --atom_decomposition_strategy no_atom --num_candidates 6 --collect_n 8 --max_eval_candidates 4

================================================================================
Strategy: fsdv_block
Command: D:\ryb\python.exe experiments/prompt_engineering_ablation.py --mode re_pipeline --domain steel_casting --prompt_language auto --samples 30 --valset_size 20 --iterations 5 --runs 1 --output_dir atom_scaffold/fsdv_block/prompt_training --output atom_scaffold/fsdv_block/post_eval --atom_decomposition_strategy fsdv_block --num_candidates 6 --collect_n 8 --max_eval_candidates 4

================================================================================
Strategy: sentence_level
Command: D:\ryb\python.exe experiments/prompt_engineering_ablation.py --mode re_pipeline --domain steel_casting --prompt_language auto --samples 30 --valset_size 20 --iterations 5 --runs 1 --output_dir atom_scaffold/sentence_level/prompt_training --output atom_scaffold/sentence_level/post_eval --atom_decomposition_strategy sentence_level --num_candidates 6 --collect_n 8 --max_eval_candidates 4

================================================================================
Strategy: random_atom
Command: D:\ryb\python.exe experiments/prompt_engineering_ablation.py --mode re_pipeline --domain steel_casting --prompt_language auto --samples 30 --valset_size 20 --iterations 5 --runs 1 --output_dir atom_scaffold/random_atom/prompt_training --output atom_scaffold/random_atom/post_eval --atom_decomposition_strategy random_atom --num_candidates 6 --collect_n 8 --max_eval_candidates 4

================================================================================
Strategy: over_fine
Command: D:\ryb\python.exe experiments/prompt_engineering_ablation.py --mode re_pipeline --domain steel_casting --prompt_language auto --samples 30 --valset_size 20 --iterations 5 --runs 1 --output_dir atom_scaffold/over_fine/prompt_training --output atom_scaffold/over_fine/post_eval --atom_decomposition_strategy over_fine --num_candidates 6 --collect_n 8 --max_eval_candidates 4

================================================================================
Strategy: functional_atom
Command: D:\ryb\python.exe experiments/prompt_engineering_ablation.py --mode re_pipeline --domain steel_casting --prompt_language auto --samples 30 --valset_size 20 --iterations 5 --runs 1 --output_dir atom_scaffold/functional_atom/prompt_training --output atom_scaffold/functional_atom/post_eval --atom_decomposition_strategy functional_atom --num_candidates 6 --collect_n 8 --max_eval_candidates 4


STDERR:
